<?xml version="1.0" encoding="utf-8"?><testsuites name="pytest tests"><testsuite name="pytest" errors="0" failures="0" skipped="1" tests="93" time="2.068" timestamp="2026-07-10T11:48:19.288532+03:00" hostname="ci-runner"><testcase classname="tests.test_apply_fix" name="test_patch_contract_valid" time="0.001" /><testcase classname="tests.test_apply_fix" name="test_patch_rejects_empty_rationale" time="0.000" /><testcase classname="tests.test_apply_fix" name="test_patch_rejects_too_many_lines" time="0.000" /><testcase classname="tests.test_apply_fix" name="test_patch_rejects_shell_metachar" time="0.000" /><testcase classname="tests.test_apply_fix" name="test_patch_rejects_bad_range" time="0.000" /><testcase classname="tests.test_apply_fix" name="test_preview_valid_patch" time="0.009" /><testcase classname="tests.test_apply_fix" name="test_preview_rejects_invalid" time="0.001" /><testcase classname="tests.test_apply_fix" name="test_confirm_and_rollback" time="0.003" /><testcase classname="tests.test_biometric_classifier" name="test_fatigued_on_low_recovery" time="0.000" /><testcase classname="tests.test_biometric_classifier" name="test_fatigued_on_bad_sleep" time="0.000" /><testcase classname="tests.test_biometric_classifier" name="test_stressed_on_high_strain" time="0.000" /><testcase classname="tests.test_biometric_classifier" name="test_relaxed_on_good_recovery" time="0.000" /><testcase classname="tests.test_biometric_classifier" name="test_deep_focus_on_moderate_strain" time="0.000" /><testcase classname="tests.test_biometric_classifier" name="test_wired_on_high_strain_low_recovery" time="0.000" /><testcase classname="tests.test_biometric_classifier" name="test_state_change_callback_fires" time="0.000" /><testcase classname="tests.test_biometric_classifier" name="test_no_data_defaults_relaxed" time="0.000" /><testcase classname="tests.test_biometric_classifier" name="test_personality_modifiers_deep_focus" time="0.000" /><testcase classname="tests.test_biometric_classifier" name="test_personality_modifiers_fatigued" time="0.000" /><testcase classname="tests.test_codeserver" name="test_codeserver_requires_token" time="0.004" /><testcase classname="tests.test_codeserver" name="test_codeserver_404_when_disabled" time="0.002" /><testcase classname="tests.test_codeserver" name="test_codeserver_enabled_but_not_installed" time="0.003" /><testcase classname="tests.test_fallback" name="test_fallback_returns_valid_intervention" time="0.000" /><testcase classname="tests.test_fallback" name="test_fallback_unknown_state_uses_relaxed" time="0.000" /><testcase classname="tests.test_fallback" name="test_mock_biometrics_seeded_reproducible" time="0.000" /><testcase classname="tests.test_fallback" name="test_mock_biometrics_set_state_changes_target" time="0.000" /><testcase classname="tests.test_fallback" name="test_mock_biometrics_all_presets_valid" time="0.001" /><testcase classname="tests.test_fallback" name="test_health_endpoint_online" time="0.002" /><testcase classname="tests.test_fallback" name="test_history_endpoint_returns_list" time="0.005" /><testcase classname="tests.test_fallback" name="test_mock_state_endpoint_validates_range" time="0.306" /><testcase classname="tests.test_file_api" name="test_write_read_roundtrip" time="0.007" /><testcase classname="tests.test_file_api" name="test_list_dir" time="0.003" /><testcase classname="tests.test_file_api" name="test_traversal_blocked" time="0.002" /><testcase classname="tests.test_file_api" name="test_rename_and_delete" time="0.003" /><testcase classname="tests.test_file_api" name="test_binary_refused" time="0.001" /><testcase classname="tests.test_file_api" name="test_files_route_requires_token" time="0.003" /><testcase classname="tests.test_file_api" name="test_files_route_with_token_ok" time="0.003" /><testcase classname="tests.test_file_api" name="test_files_route_traversal_blocked" time="0.003" /><testcase classname="tests.test_firewall_sync" name="test_js_patterns_extracted" time="0.001" /><testcase classname="tests.test_firewall_sync" name="test_js_firewall_patterns_match_backend" time="0.000" /><testcase classname="tests.test_firewall_sync" name="test_dangerous_commands_trigger_both_sides" time="0.002" /><testcase classname="tests.test_inline_ws" name="test_state_guidance_is_biometric_aware" time="0.000" /><testcase classname="tests.test_inline_ws" name="test_inline_rejects_bad_token" time="0.004" /><testcase classname="tests.test_inline_ws" name="test_inline_streams_completion" time="0.004" /><testcase classname="tests.test_keystroke_firewall" name="test_risky_enter_is_swallowed_and_line_killed" time="0.000" /><testcase classname="tests.test_keystroke_firewall" name="test_safe_command_passes_through" time="0.000" /><testcase classname="tests.test_keystroke_firewall" name="test_backspace_editing_tracked" time="0.000" /><testcase classname="tests.test_keystroke_firewall" name="test_ctrl_c_clears_pending_line" time="0.000" /><testcase classname="tests.test_keystroke_firewall" name="test_block_gate_respects_callback" time="0.000" /><testcase classname="tests.test_keystroke_firewall" name="test_paste_of_two_commands_blocks_only_risky" time="0.000" /><testcase classname="tests.test_live_hrv" name="test_rmssd_known_value" time="0.000" /><testcase classname="tests.test_live_hrv" name="test_rmssd_needs_min_samples" time="0.000" /><testcase classname="tests.test_live_hrv" name="test_rmssd_rejects_artifacts" time="0.000" /><testcase classname="tests.test_live_hrv" name="test_rmssd_window_expiry" time="0.000" /><testcase classname="tests.test_live_hrv" name="test_steady_rr_means_low_rmssd_high_stress_mapping" time="0.000" /><testcase classname="tests.test_live_hrv" name="test_live_hrv_drives_estimated_stress_in_classify" time="0.000" /><testcase classname="tests.test_lsp_bridge" name="test_lsp_rejects_bad_token" time="0.003" /><testcase classname="tests.test_lsp_bridge" name="test_lsp_unavailable_language_reports_error" time="0.002" /><testcase classname="tests.test_lsp_bridge" name="test_lsp_bridge_initialize_handshake" time="0.000"><skipped type="pytest.skip" message="pyright not installed">/Users/matei/Personal/Projects/Web/more/tests/test_lsp_bridge.py:57: pyright not installed</skipped></testcase><testcase classname="tests.test_run_error_routing" name="test_run_error_triggers_intervention" time="0.010" /><testcase classname="tests.test_run_error_routing" name="test_run_error_empty_payload_ignored" time="0.004" /><testcase classname="tests.test_run_error_routing" name="test_run_error_oversize_truncated" time="0.006" /><testcase classname="tests.test_security" name="test_resolve_in_workspace_allows_inside" time="0.001" /><testcase classname="tests.test_security" name="test_resolve_in_workspace_allows_root" time="0.000" /><testcase classname="tests.test_security" name="test_resolve_in_workspace_blocks_traversal" time="0.001" /><testcase classname="tests.test_security" name="test_verify_token" time="0.000" /><testcase classname="tests.test_security" name="test_check_origin" time="0.000" /><testcase classname="tests.test_security" name="test_csrf_state_single_use" time="0.000" /><testcase classname="tests.test_server_smoke" name="test_whoop_callback_happy_path" time="0.003" /><testcase classname="tests.test_server_smoke" name="test_whoop_callback_rejects_bad_state" time="0.002" /><testcase classname="tests.test_server_smoke" name="test_whoop_callback_error_is_400" time="0.001" /><testcase classname="tests.test_server_smoke" name="test_whoop_redirect_uri_in_config" time="0.000" /><testcase classname="tests.test_server_smoke" name="test_port_respects_env_var" time="0.079" /><testcase classname="tests.test_server_smoke" name="test_appstate_wraps_globals" time="0.000" /><testcase classname="tests.test_server_smoke" name="test_get_analyzer_factory_exists" time="0.000" /><testcase classname="tests.test_session_replay" name="test_timeline_empty_db" time="0.005" /><testcase classname="tests.test_session_replay" name="test_timeline_returns_samples_and_interventions" time="0.004" /><testcase classname="tests.test_session_replay" name="test_replay_endpoint" time="0.004" /><testcase classname="tests.test_terminal_pty" name="test_pty_echo_resize_and_clean_exit" time="0.059" /><testcase classname="tests.test_terminal_ws" name="test_terminal_rejects_without_token" time="0.005" /><testcase classname="tests.test_terminal_ws" name="test_terminal_rejects_bad_token" time="0.002" /><testcase classname="tests.test_terminal_ws" name="test_terminal_echo_with_token" time="0.009" /><testcase classname="tests.test_whoop_tokens" name="test_get_auth_url_has_offline_profile_and_state" time="0.000" /><testcase classname="tests.test_whoop_tokens" name="test_exchange_token_persists" time="0.002" /><testcase classname="tests.test_whoop_tokens" name="test_refresh_resends_offline_and_saves" time="0.001" /><testcase classname="tests.test_whoop_tokens" name="test_load_tokens_round_trip" time="0.001" /><testcase classname="tests.test_ws_flow" name="test_ws_connects_and_receives_biometric" time="0.009" /><testcase classname="tests.test_ws_flow" name="test_ws_mock_state_accepted" time="0.004" /><testcase classname="tests.test_ws_flow" name="test_ws_invalid_json_ignored" time="0.004" /><testcase classname="tests.test_ws_flow" name="test_ws_content_update_accepted" time="0.003" /><testcase classname="tests.test_ws_flow" name="test_ws_feedback_accepted" time="0.003" /><testcase classname="tests.test_ws_flow" name="test_ws_heart_rate_accepted" time="0.005" /><testcase classname="tests.test_ws_flow" name="test_ws_heart_rate_out_of_range_rejected" time="0.005" /><testcase classname="tests.test_ws_flow" name="test_ws_heart_rate_wrong_type_ignored" time="0.005" /></testsuite></testsuites>