<?xml version="1.0" encoding="utf-8"?><testsuites name="pytest tests"><testsuite name="pytest" errors="0" failures="0" skipped="1" tests="234" time="6.359" timestamp="2026-07-20T15:43:41.899280+03:00" hostname="ci-runner"><testcase classname="tests.test_apply_fix" name="test_patch_contract_valid" time="0.001" /><testcase classname="tests.test_apply_fix" name="test_patch_rejects_empty_rationale" time="0.000" /><testcase classname="tests.test_apply_fix" name="test_patch_rejects_too_many_lines" time="0.001" /><testcase classname="tests.test_apply_fix" name="test_patch_rejects_shell_metachar" time="0.000" /><testcase classname="tests.test_apply_fix" name="test_patch_rejects_bad_range" time="0.000" /><testcase classname="tests.test_apply_fix" name="test_preview_valid_patch" time="0.008" /><testcase classname="tests.test_apply_fix" name="test_preview_rejects_invalid" time="0.001" /><testcase classname="tests.test_apply_fix" name="test_confirm_and_rollback" time="0.003" /><testcase classname="tests.test_biometric_classifier" name="test_fatigued_on_low_recovery" time="0.000" /><testcase classname="tests.test_biometric_classifier" name="test_fatigued_on_bad_sleep" time="0.000" /><testcase classname="tests.test_biometric_classifier" name="test_stressed_on_high_strain" time="0.000" /><testcase classname="tests.test_biometric_classifier" name="test_relaxed_on_good_recovery" time="0.000" /><testcase classname="tests.test_biometric_classifier" name="test_deep_focus_on_moderate_strain" time="0.000" /><testcase classname="tests.test_biometric_classifier" name="test_wired_on_high_strain_low_recovery" time="0.000" /><testcase classname="tests.test_biometric_classifier" name="test_state_change_callback_fires" time="0.000" /><testcase classname="tests.test_biometric_classifier" name="test_no_data_defaults_relaxed" time="0.000" /><testcase classname="tests.test_biometric_classifier" name="test_personality_modifiers_deep_focus" time="0.000" /><testcase classname="tests.test_biometric_classifier" name="test_personality_modifiers_fatigued" time="0.000" /><testcase classname="tests.test_biometric_loop_resilience" name="test_null_sensor_fields_do_not_raise" time="0.000" /><testcase classname="tests.test_biometric_loop_resilience" name="test_real_sensor_values_are_still_rounded" time="0.000" /><testcase classname="tests.test_biometric_loop_resilience" name="test_missing_keys_still_fall_back_to_neutral_numbers" time="0.000" /><testcase classname="tests.test_biometric_loop_resilience" name="test_biometric_loop_survives_a_failing_cycle" time="0.003" /><testcase classname="tests.test_ble_listeners" name="test_heart_rate_subscription_uses_a_stable_handler_reference" time="0.001" /><testcase classname="tests.test_ble_listeners" name="test_gatt_disconnect_uses_a_stable_handler_reference" time="0.001" /><testcase classname="tests.test_ble_listeners" name="test_bound_handlers_are_created_once_in_the_constructor" time="0.000" /><testcase classname="tests.test_ble_listeners" name="test_no_inline_arrow_is_registered_as_an_event_listener" time="0.001" /><testcase classname="tests.test_calibration" name="test_calibration_roundtrip" time="0.006" /><testcase classname="tests.test_calibration" name="test_save_then_load_restores_baselines" time="0.004" /><testcase classname="tests.test_calibration" name="test_load_without_saved_values_keeps_defaults" time="0.004" /><testcase classname="tests.test_codeserver" name="test_codeserver_requires_token" time="0.004" /><testcase classname="tests.test_codeserver" name="test_codeserver_404_when_disabled" time="0.002" /><testcase classname="tests.test_codeserver" name="test_codeserver_enabled_but_not_installed" time="0.004" /><testcase classname="tests.test_content_analyzer" name="test_risky_terminal_content_skips_api" time="0.007" /><testcase classname="tests.test_content_analyzer" name="test_risky_detection_only_applies_to_terminal" time="0.006" /><testcase classname="tests.test_content_analyzer" name="test_valid_json_response_parsed" time="0.006" /><testcase classname="tests.test_content_analyzer" name="test_fenced_json_response_parsed" time="0.006" /><testcase classname="tests.test_content_analyzer" name="test_invalid_json_returns_safe_default" time="0.006" /><testcase classname="tests.test_content_analyzer" name="test_api_error_raises_instead_of_faking_all_clear" time="0.006" /><testcase classname="tests.test_content_analyzer" name="test_api_error_does_not_replay_a_stale_analysis" time="0.006" /><testcase classname="tests.test_content_analyzer" name="test_unchanged_content_flags_stuck_in_prompt" time="0.006" /><testcase classname="tests.test_content_analyzer" name="test_romanian_lang_shapes_system_prompt" time="0.006" /><testcase classname="tests.test_content_analyzer" name="test_kwargs_metadata_lands_in_prompt" time="0.006" /><testcase classname="tests.test_context_history" name="test_summary_without_history" time="0.000" /><testcase classname="tests.test_context_history" name="test_summary_is_returned_when_the_user_is_not_stuck" time="0.000" /><testcase classname="tests.test_context_history" name="test_summary_lists_apps_activities_and_switches" time="0.000" /><testcase classname="tests.test_context_history" name="test_stuck_line_is_appended_only_while_stuck" time="0.000" /><testcase classname="tests.test_db_concurrency" name="test_each_thread_gets_its_own_connection" time="0.005" /><testcase classname="tests.test_db_concurrency" name="test_concurrent_writes_and_reads_do_not_corrupt_the_connection" time="0.032" /><testcase classname="tests.test_db_concurrency" name="test_concurrent_writers_all_persist_their_rows" time="0.030" /><testcase classname="tests.test_escape_cascade" name="test_api_keys_modal_closes_before_the_settings_behind_it" time="0.001" /><testcase classname="tests.test_escape_cascade" name="test_escape_closes_before_it_opens" time="0.000" /><testcase classname="tests.test_escape_cascade" name="test_escape_still_resets_player_when_nothing_is_open" time="0.000" /><testcase classname="tests.test_escape_cascade" name="test_escape_toggles_rather_than_traps" time="0.000" /><testcase classname="tests.test_escape_cascade" name="test_shift_escape_does_not_fall_through_into_the_menu" time="0.001" /><testcase classname="tests.test_escape_cascade" name="test_shift_escape_works_even_without_widget_focus" time="0.001" /><testcase classname="tests.test_escape_cascade" name="test_spotify_does_not_capture_the_keyboard" time="0.001" /><testcase classname="tests.test_escape_cascade" name="test_digit_guard_still_protects_text_fields" time="0.001" /><testcase classname="tests.test_escape_cascade" name="test_interact_key_does_not_type_itself_into_the_app" time="0.001" /><testcase classname="tests.test_escape_cascade" name="test_interact_key_is_scoped_to_the_room" time="0.000" /><testcase classname="tests.test_escape_cascade" name="test_pause_menu_is_scoped_to_the_room" time="0.000" /><testcase classname="tests.test_escape_cascade" name="test_scene_guard_uses_the_live_scene" time="0.000" /><testcase classname="tests.test_escape_cascade" name="test_o_shortcut_still_exists" time="0.000" /><testcase classname="tests.test_escape_cascade" name="test_keybind_labels_stay_in_sync" time="0.001" /><testcase classname="tests.test_fallback" name="test_fallback_returns_valid_intervention" time="0.000" /><testcase classname="tests.test_fallback" name="test_fallback_unknown_state_uses_relaxed" time="0.000" /><testcase classname="tests.test_fallback" name="test_mock_biometrics_seeded_reproducible" time="0.000" /><testcase classname="tests.test_fallback" name="test_mock_biometrics_set_state_changes_target" time="0.000" /><testcase classname="tests.test_fallback" name="test_mock_biometrics_all_presets_valid" time="0.001" /><testcase classname="tests.test_fallback" name="test_health_endpoint_online" time="0.002" /><testcase classname="tests.test_fallback" name="test_history_endpoint_returns_list" time="0.005" /><testcase classname="tests.test_fallback" name="test_history_negative_limit_does_not_dump_the_whole_table" time="0.002" /><testcase classname="tests.test_fallback" name="test_mock_state_endpoint_validates_range" time="0.310" /><testcase classname="tests.test_file_api" name="test_write_read_roundtrip" time="0.010" /><testcase classname="tests.test_file_api" name="test_list_dir" time="0.005" /><testcase classname="tests.test_file_api" name="test_traversal_blocked" time="0.003" /><testcase classname="tests.test_file_api" name="test_rename_and_delete" time="0.004" /><testcase classname="tests.test_file_api" name="test_binary_refused" time="0.002" /><testcase classname="tests.test_file_api" name="test_files_route_requires_token" time="0.005" /><testcase classname="tests.test_file_api" name="test_files_route_with_token_ok" time="0.004" /><testcase classname="tests.test_file_api" name="test_files_route_traversal_blocked" time="0.004" /><testcase classname="tests.test_firewall_intervention" name="test_firewall_block_broadcasts_and_counts" time="0.037" /><testcase classname="tests.test_firewall_intervention" name="test_firewall_block_reason_follows_state" time="0.031" /><testcase classname="tests.test_firewall_intervention" name="test_firewall_block_rejects_junk" time="0.031" /><testcase classname="tests.test_firewall_intervention" name="test_cancel_byte_keeps_the_server_mirror_in_sync" time="0.001" /><testcase classname="tests.test_firewall_intervention" name="test_do_it_anyway_override_is_one_shot" time="0.109" /><testcase classname="tests.test_firewall_sync" name="test_js_patterns_extracted" time="0.001" /><testcase classname="tests.test_firewall_sync" name="test_js_firewall_patterns_match_backend" time="0.000" /><testcase classname="tests.test_firewall_sync" name="test_dangerous_commands_trigger_both_sides" time="0.001" /><testcase classname="tests.test_ghost_brain" name="test_insight_low_hrv" time="0.000" /><testcase classname="tests.test_ghost_brain" name="test_insight_burnout_combo" time="0.000" /><testcase classname="tests.test_ghost_brain" name="test_insight_peak_state" time="0.000" /><testcase classname="tests.test_ghost_brain" name="test_insight_none_when_unremarkable" time="0.000" /><testcase classname="tests.test_ghost_brain" name="test_risky_action_respects_10s_cooldown" time="0.007" /><testcase classname="tests.test_ghost_brain" name="test_risky_action_firewalls_by_state" time="0.006" /><testcase classname="tests.test_ghost_brain" name="test_mistake_with_high_stress_is_stress_firewall" time="0.006" /><testcase classname="tests.test_ghost_brain" name="test_stuck_over_threshold_triggers" time="0.006" /><testcase classname="tests.test_ghost_brain" name="test_deep_focus_is_protected" time="0.006" /><testcase classname="tests.test_ghost_brain" name="test_ignored_feedback_stretches_cooldown" time="0.007" /><testcase classname="tests.test_ghost_brain" name="test_firewall_uses_template_not_api" time="0.006" /><testcase classname="tests.test_ghost_brain" name="test_firewall_template_romanian" time="0.006" /><testcase classname="tests.test_ghost_brain" name="test_risky_in_relaxed_state_marks_risky" time="0.006" /><testcase classname="tests.test_ghost_brain" name="test_process_calls_claude_for_mistakes" time="0.006" /><testcase classname="tests.test_ghost_brain" name="test_personality_and_lang_shape_system_prompt" time="0.006" /><testcase classname="tests.test_ghost_brain" name="test_api_error_falls_back_to_suggested_intervention" time="0.006" /><testcase classname="tests.test_ghost_brain" name="test_api_error_without_suggestion_returns_none" time="0.006" /><testcase classname="tests.test_ghost_brain" name="test_code_suggestion_switches_buttons" time="0.006" /><testcase classname="tests.test_ghost_brain" name="test_user_feedback_counters" time="0.006" /><testcase classname="tests.test_inline_ws" name="test_state_guidance_is_biometric_aware" time="0.000" /><testcase classname="tests.test_inline_ws" name="test_inline_rejects_bad_token" time="0.004" /><testcase classname="tests.test_inline_ws" name="test_inline_streams_completion" time="0.003" /><testcase classname="tests.test_keystroke_dynamics" name="test_inactive_below_min_events" time="0.000" /><testcase classname="tests.test_keystroke_dynamics" name="test_invalid_events_rejected" time="0.000" /><testcase classname="tests.test_keystroke_dynamics" name="test_steady_typing_at_baseline_is_calm" time="0.001" /><testcase classname="tests.test_keystroke_dynamics" name="test_fast_bursty_typing_reads_stressed" time="0.001" /><testcase classname="tests.test_keystroke_dynamics" name="test_slow_erratic_typing_reads_fatigued" time="0.001" /><testcase classname="tests.test_keystroke_dynamics" name="test_flow_detection" time="0.001" /><testcase classname="tests.test_keystroke_dynamics" name="test_stale_signal_goes_inactive" time="0.001" /><testcase classname="tests.test_keystroke_dynamics" name="test_baseline_learns_slowly_during_neutral_typing" time="0.001" /><testcase classname="tests.test_keystroke_dynamics" name="test_baseline_freezes_during_stress_so_the_signal_persists" time="0.066" /><testcase classname="tests.test_keystroke_dynamics" name="test_baseline_freezes_during_fatigue" time="0.060" /><testcase classname="tests.test_keystroke_dynamics" name="test_classify_typing_only_drives_state" time="0.001" /><testcase classname="tests.test_keystroke_dynamics" name="test_classify_demo_locked_ignores_typing_takeover" time="0.001" /><testcase classname="tests.test_keystroke_dynamics" name="test_classify_live_hr_outranks_typing" time="0.001" /><testcase classname="tests.test_keystroke_firewall" name="test_risky_enter_is_swallowed_and_line_killed" time="0.000" /><testcase classname="tests.test_keystroke_firewall" name="test_safe_command_passes_through" time="0.001" /><testcase classname="tests.test_keystroke_firewall" name="test_backspace_editing_tracked" time="0.000" /><testcase classname="tests.test_keystroke_firewall" name="test_ctrl_c_clears_pending_line" time="0.000" /><testcase classname="tests.test_keystroke_firewall" name="test_block_gate_respects_callback" time="0.000" /><testcase classname="tests.test_keystroke_firewall" name="test_paste_of_two_commands_blocks_only_risky" time="0.000" /><testcase classname="tests.test_keystroke_firewall" name="test_cursor_keys_do_not_wipe_the_mirror" time="0.000" /><testcase classname="tests.test_keystroke_firewall" name="test_home_and_end_do_not_wipe_the_mirror" time="0.000" /><testcase classname="tests.test_keystroke_firewall" name="test_history_recall_is_blocked_because_it_cannot_be_inspected" time="0.000" /><testcase classname="tests.test_keystroke_firewall" name="test_bracketed_paste_content_is_inspected" time="0.000" /><testcase classname="tests.test_keystroke_firewall" name="test_harmless_paste_still_runs" time="0.000" /><testcase classname="tests.test_keystroke_firewall" name="test_newline_inside_a_paste_is_not_an_enter" time="0.000" /><testcase classname="tests.test_keystroke_firewall" name="test_yank_and_completion_are_blocked" time="0.000" /><testcase classname="tests.test_keystroke_firewall" name="test_cursor_edit_of_a_harmless_line_is_not_a_false_positive" time="0.000" /><testcase classname="tests.test_keystroke_firewall" name="test_ctrl_c_clears_the_untrusted_flag_too" time="0.000" /><testcase classname="tests.test_live_hrv" name="test_rmssd_known_value" time="0.000" /><testcase classname="tests.test_live_hrv" name="test_rmssd_needs_min_samples" time="0.000" /><testcase classname="tests.test_live_hrv" name="test_rmssd_rejects_artifacts" time="0.000" /><testcase classname="tests.test_live_hrv" name="test_rmssd_ceiling_rejects_artifact_window" time="0.000" /><testcase classname="tests.test_live_hrv" name="test_artifact_beat_excluded_from_hrv" time="0.000" /><testcase classname="tests.test_live_hrv" name="test_lone_bad_first_beat_does_not_lock_out_good_beats" time="0.000" /><testcase classname="tests.test_live_hrv" name="test_live_hrv_cleared_when_window_turns_artifact" time="0.000" /><testcase classname="tests.test_live_hrv" name="test_rmssd_window_expiry" time="0.000" /><testcase classname="tests.test_live_hrv" name="test_steady_rr_means_low_rmssd_high_stress_mapping" time="0.000" /><testcase classname="tests.test_live_hrv" name="test_live_hrv_drives_estimated_stress_in_classify" time="0.000" /><testcase classname="tests.test_live_hrv" name="test_hrv_baseline_survives_repeated_same_day_polls" time="0.000" /><testcase classname="tests.test_live_hrv" name="test_hrv_baseline_drifts_slowly_across_days" time="0.000" /><testcase classname="tests.test_live_hrv" name="test_hrv_cold_start_snaps_to_first_real_reading" time="0.000" /><testcase classname="tests.test_lsp_bridge" name="test_lsp_rejects_bad_token" time="0.003" /><testcase classname="tests.test_lsp_bridge" name="test_lsp_unavailable_language_reports_error" time="0.003" /><testcase classname="tests.test_lsp_bridge" name="test_lsp_bridge_initialize_handshake" time="0.000"><skipped type="pytest.skip" message="pyright not installed">/Users/matei/Personal/Projects/Web/more/tests/test_lsp_bridge.py:57: pyright not installed</skipped></testcase><testcase classname="tests.test_pty_reaping" name="test_close_leaves_no_zombie" time="0.262" /><testcase classname="tests.test_pty_reaping" name="test_repeated_sessions_do_not_accumulate_zombies" time="0.533" /><testcase classname="tests.test_pty_reaping" name="test_resize_never_crashes_on_client_supplied_garbage[abc]" time="0.162" /><testcase classname="tests.test_pty_reaping" name="test_resize_never_crashes_on_client_supplied_garbage[None]" time="0.166" /><testcase classname="tests.test_pty_reaping" name="test_resize_never_crashes_on_client_supplied_garbage[bad2]" time="0.166" /><testcase classname="tests.test_pty_reaping" name="test_resize_never_crashes_on_client_supplied_garbage[bad3]" time="0.165" /><testcase classname="tests.test_pty_reaping" name="test_resize_never_crashes_on_client_supplied_garbage[99999]" time="0.166" /><testcase classname="tests.test_pty_reaping" name="test_resize_never_crashes_on_client_supplied_garbage[-5]" time="0.165" /><testcase classname="tests.test_pty_reaping" name="test_resize_never_crashes_on_client_supplied_garbage[1099511627776]" time="0.166" /><testcase classname="tests.test_pty_reaping" name="test_child_ignoring_sighup_is_still_reaped" time="0.694" /><testcase classname="tests.test_run_error_routing" name="test_run_error_triggers_intervention" time="0.036" /><testcase classname="tests.test_run_error_routing" name="test_run_error_empty_payload_ignored" time="0.028" /><testcase classname="tests.test_run_error_routing" name="test_run_error_oversize_truncated" time="0.029" /><testcase classname="tests.test_security" name="test_resolve_in_workspace_allows_inside" time="0.001" /><testcase classname="tests.test_security" name="test_resolve_in_workspace_allows_root" time="0.000" /><testcase classname="tests.test_security" name="test_resolve_in_workspace_blocks_traversal" time="0.001" /><testcase classname="tests.test_security" name="test_verify_token" time="0.000" /><testcase classname="tests.test_security" name="test_check_origin" time="0.000" /><testcase classname="tests.test_security" name="test_csrf_state_single_use" time="0.001" /><testcase classname="tests.test_security" name="test_csrf_state_survives_reload" time="0.000" /><testcase classname="tests.test_security" name="test_csrf_state_rejects_tampering" time="0.000" /><testcase classname="tests.test_security" name="test_csrf_state_rejects_expired_and_future" time="0.000" /><testcase classname="tests.test_server_smoke" name="test_whoop_callback_happy_path" time="0.003" /><testcase classname="tests.test_server_smoke" name="test_whoop_callback_rejects_bad_state" time="0.002" /><testcase classname="tests.test_server_smoke" name="test_whoop_callback_error_is_400" time="0.001" /><testcase classname="tests.test_server_smoke" name="test_whoop_redirect_uri_in_config" time="0.000" /><testcase classname="tests.test_server_smoke" name="test_port_respects_env_var" time="0.037" /><testcase classname="tests.test_server_smoke" name="test_appstate_wraps_globals" time="0.000" /><testcase classname="tests.test_server_smoke" name="test_get_analyzer_factory_exists" time="0.000" /><testcase classname="tests.test_server_smoke" name="test_ready_endpoint_responds" time="0.003" /><testcase classname="tests.test_session_replay" name="test_timeline_empty_db" time="0.004" /><testcase classname="tests.test_session_replay" name="test_timeline_returns_samples_and_interventions" time="0.005" /><testcase classname="tests.test_session_replay" name="test_replay_endpoint" time="0.005" /><testcase classname="tests.test_session_report" name="test_report_empty_db" time="0.003" /><testcase classname="tests.test_session_report" name="test_report_aggregates" time="0.004" /><testcase classname="tests.test_session_report" name="test_report_falls_back_to_latest_session" time="0.004" /><testcase classname="tests.test_session_report" name="test_html_contains_states_and_interventions" time="0.004" /><testcase classname="tests.test_session_report" name="test_html_english_and_escaping" time="0.004" /><testcase classname="tests.test_session_report" name="test_html_handles_empty_session" time="0.004" /><testcase classname="tests.test_session_report" name="test_report_endpoints" time="0.007" /><testcase classname="tests.test_session_report" name="test_report_endpoint_404_on_empty_db" time="0.005" /><testcase classname="tests.test_session_report" name="test_state_colors_match_frontend_theme" time="0.001" /><testcase classname="tests.test_settings" name="test_setting_roundtrip" time="0.004" /><testcase classname="tests.test_settings" name="test_settings_endpoints_require_token" time="0.005" /><testcase classname="tests.test_settings" name="test_settings_response_is_masked" time="0.031" /><testcase classname="tests.test_settings" name="test_settings_apply_to_clients_without_restart" time="0.051" /><testcase classname="tests.test_settings" name="test_clearing_setting_falls_back_to_env" time="0.087" /><testcase classname="tests.test_settings" name="test_untouched_fields_are_kept" time="0.083" /><testcase classname="tests.test_sleep_mode" name="test_band_disconnected_then_manual_control_wakes" time="0.001" /><testcase classname="tests.test_sleep_mode" name="test_manual_override_expiry_lets_sleep_resume" time="0.000" /><testcase classname="tests.test_sleep_mode" name="test_movement_activity_wakes_without_forcing_a_state" time="0.000" /><testcase classname="tests.test_sleep_mode" name="test_activity_wake_expires_and_sleep_resumes" time="0.000" /><testcase classname="tests.test_sleep_mode" name="test_live_pulse_still_wakes_normally" time="0.000" /><testcase classname="tests.test_terminal_pty" name="test_pty_echo_resize_and_clean_exit" time="0.059" /><testcase classname="tests.test_terminal_ws" name="test_terminal_rejects_without_token" time="0.006" /><testcase classname="tests.test_terminal_ws" name="test_terminal_rejects_bad_token" time="0.003" /><testcase classname="tests.test_terminal_ws" name="test_terminal_echo_with_token" time="0.015" /><testcase classname="tests.test_whoop_tokens" name="test_get_auth_url_has_offline_profile_and_state" time="0.000" /><testcase classname="tests.test_whoop_tokens" name="test_exchange_token_persists" time="0.001" /><testcase classname="tests.test_whoop_tokens" name="test_refresh_resends_offline_and_saves" time="0.001" /><testcase classname="tests.test_whoop_tokens" name="test_disconnect_clears_tokens_and_file" time="0.001" /><testcase classname="tests.test_whoop_tokens" name="test_disconnect_neutralises_in_flight_refresh" time="0.001" /><testcase classname="tests.test_whoop_tokens" name="test_reconnect_after_disconnect_clears_sentinel" time="0.001" /><testcase classname="tests.test_whoop_tokens" name="test_load_tokens_round_trip" time="0.001" /><testcase classname="tests.test_ws_flow" name="test_ws_connects_and_receives_biometric" time="0.031" /><testcase classname="tests.test_ws_flow" name="test_ws_mock_state_accepted" time="0.029" /><testcase classname="tests.test_ws_flow" name="test_ws_invalid_json_ignored" time="0.029" /><testcase classname="tests.test_ws_flow" name="test_ws_content_update_accepted" time="0.030" /><testcase classname="tests.test_ws_flow" name="test_ws_feedback_accepted" time="0.030" /><testcase classname="tests.test_ws_flow" name="test_ws_heart_rate_accepted" time="0.030" /><testcase classname="tests.test_ws_flow" name="test_ws_heart_rate_out_of_range_rejected" time="0.030" /><testcase classname="tests.test_ws_flow" name="test_ws_heart_rate_wrong_type_ignored" time="0.029" /><testcase classname="tests.test_ws_malformed" name="test_malformed_message_does_not_kill_the_socket[run_error-int]" time="0.030" /><testcase classname="tests.test_ws_malformed" name="test_malformed_message_does_not_kill_the_socket[run_error-dict]" time="0.030" /><testcase classname="tests.test_ws_malformed" name="test_malformed_message_does_not_kill_the_socket[run_error-float]" time="0.030" /><testcase classname="tests.test_ws_malformed" name="test_malformed_message_does_not_kill_the_socket[keystrokes-str]" time="0.030" /><testcase classname="tests.test_ws_malformed" name="test_malformed_message_does_not_kill_the_socket[content_update-int]" time="0.030" /><testcase classname="tests.test_ws_malformed" name="test_malformed_message_does_not_kill_the_socket[app_focus-int]" time="0.032" /><testcase classname="tests.test_ws_malformed" name="test_malformed_message_does_not_kill_the_socket[firewall_block-list]" time="0.030" /><testcase classname="tests.test_ws_malformed" name="test_socket_is_removed_from_shared_state_on_any_exit" time="0.031" /></testsuite></testsuites>